<?xml version="1.0" encoding="UTF-8"?>
<testng-results ignored="0" total="1" passed="1" failed="0" skipped="0">
  <reporter-output>
  </reporter-output>
  <suite started-at="2024-10-08T19:04:53 IST" name="Default suite" finished-at="2024-10-08T19:04:56 IST" duration-ms="3065">
    <groups>
    </groups>
    <test started-at="2024-10-08T19:04:53 IST" name="Default test" finished-at="2024-10-08T19:04:56 IST" duration-ms="3065">
      <class name="pomDemo.LogintestUsingPOM_DynamicData">
        <test-method is-config="true" signature="setupApp()[pri:0, instance:pomDemo.LogintestUsingPOM_DynamicData@74d1dc36]" started-at="2024-10-08T19:04:53 IST" name="setupApp" finished-at="2024-10-08T19:04:55 IST" duration-ms="1949" status="PASS">
          <reporter-output>
          </reporter-output>
        </test-method> <!-- setupApp -->
        <test-method signature="validLogin()[pri:0, instance:pomDemo.LogintestUsingPOM_DynamicData@74d1dc36]" started-at="2024-10-08T19:04:55 IST" name="validLogin" finished-at="2024-10-08T19:04:55 IST" duration-ms="926" status="PASS">
          <reporter-output>
          </reporter-output>
        </test-method> <!-- validLogin -->
        <test-method is-config="true" signature="tearDown()[pri:0, instance:pomDemo.LogintestUsingPOM_DynamicData@74d1dc36]" started-at="2024-10-08T19:04:55 IST" name="tearDown" finished-at="2024-10-08T19:04:56 IST" duration-ms="159" status="PASS">
          <reporter-output>
          </reporter-output>
        </test-method> <!-- tearDown -->
      </class> <!-- pomDemo.LogintestUsingPOM_DynamicData -->
    </test> <!-- Default test -->
  </suite> <!-- Default suite -->
</testng-results>
