<?xml version="1.0" encoding="UTF-8"?>
<!-- Generated by org.testng.reporters.JUnitXMLReporter -->
<testsuite ignored="0" hostname="DESKTOP-68KUQKT" failures="1" tests="32" name="Regression" time="9.023" errors="0" timestamp="2024-09-30T20:33:03 IST">
  <testcase classname="seleniumGrid.Negative_Priority_TestNG" name="logout" time="0.008"/>
  <testcase classname="seleniumGrid.Negative_Priority_TestNG" name="login" time="0.003"/>
  <testcase classname="seleniumGrid.Negative_Priority_TestNG" name="creatAccount" time="0.001"/>
  <testcase classname="seleniumGrid.Negative_Priority_TestNG" name="makePayment" time="0.001"/>
  <testcase classname="seleniumGrid.AssertDemo" name="test1" time="0.003"/>
  <testcase classname="seleniumGrid.AssertDemo" name="test2" time="0.007">
    <failure type="java.lang.AssertionError" message="count mismatch expected [902] but found [901]">
      <![CDATA[java.lang.AssertionError: count mismatch expected [902] but found [901]
at seleniumGrid.AssertDemo.test2(AssertDemo.java:15)
at java.base/java.util.ArrayList.forEach(ArrayList.java:1511)
... Removed 33 stack frames]]>
    </failure>
  </testcase> <!-- test2 -->
  <testcase classname="seleniumGrid.AssertDemo" name="test3" time="0.001"/>
  <testcase classname="seleniumGrid.AssertDemo" name="test4" time="0.001"/>
  <testcase classname="seleniumGrid.Same_Priority_TestNG" name="creatAccount" time="0.002"/>
  <testcase classname="seleniumGrid.Same_Priority_TestNG" name="login" time="0.001"/>
  <testcase classname="seleniumGrid.Same_Priority_TestNG" name="makePayment" time="0.001"/>
  <testcase classname="seleniumGrid.Same_Priority_TestNG" name="logout" time="0.002"/>
  <testcase classname="seleniumGrid.MyFirstTestNG" name="test1" time="0.001"/>
  <testcase classname="seleniumGrid.MyFirstTestNG" name="test2" time="0.001"/>
  <testcase classname="seleniumGrid.MyFirstTestNG" name="test3" time="0.001"/>
  <testcase classname="seleniumGrid.TestNG2_AlphabeticOrderMethods" name="login" time="0.001"/>
  <testcase classname="seleniumGrid.TestNG2_AlphabeticOrderMethods" name="creatAccount" time="0.001"/>
  <testcase classname="seleniumGrid.TestNG2_AlphabeticOrderMethods" name="makePayment" time="0.001"/>
  <testcase classname="seleniumGrid.TestNG2_AlphabeticOrderMethods" name="logout" time="0.001"/>
  <testcase classname="seleniumGrid.SeleniumWithTestNG" name="startBrowser" time="2.305"/>
  <testcase classname="seleniumGrid.SeleniumWithTestNG" name="verifyURL" time="0.009"/>
  <testcase classname="seleniumGrid.SeleniumWithTestNG" name="verifyTitle" time="0.008"/>
  <testcase classname="seleniumGrid.SeleniumWithTestNG" name="footerCount" time="0.021"/>
  <testcase classname="seleniumGrid.SeleniumWithTestNG" name="login" time="4.286"/>
  <testcase classname="seleniumGrid.SeleniumWithTestNG" name="signOut" time="2.084"/>
  <testcase classname="seleniumGrid.SeleniumWithTestNG" name="closeBrowser" time="0.173"/>
  <testcase classname="seleniumGrid.PartialText_TestNG" name="test1" time="0.005"/>
  <testcase classname="seleniumGrid.PartialText_TestNG" name="test2" time="0.002"/>
  <testcase classname="seleniumGrid.With_Without_Priority_TestNG" name="login" time="0.001"/>
  <testcase classname="seleniumGrid.With_Without_Priority_TestNG" name="makePayment" time="0.0"/>
  <testcase classname="seleniumGrid.With_Without_Priority_TestNG" name="creatAccount" time="0.001"/>
  <testcase classname="seleniumGrid.With_Without_Priority_TestNG" name="logout" time="0.001"/>
</testsuite> <!-- Regression -->
