<?xml version="1.0" encoding="UTF-8"?>
<!-- Generated by org.testng.reporters.JUnitXMLReporter -->
<testsuite ignored="0" hostname="DESKTOP-68KUQKT" failures="1" tests="4" name="Regression3" time="0.021" errors="0" timestamp="2024-09-30T20:27:34 IST">
  <testcase classname="seleniumGrid.AssertDemo" name="test1" time="0.004"/>
  <testcase classname="seleniumGrid.AssertDemo" name="test2" time="0.008">
    <failure type="java.lang.AssertionError" message="count mismatch expected [902] but found [901]">
      <![CDATA[java.lang.AssertionError: count mismatch expected [902] but found [901]
at seleniumGrid.AssertDemo.test2(AssertDemo.java:15)
at java.base/java.util.ArrayList.forEach(ArrayList.java:1511)
... Removed 33 stack frames]]>
    </failure>
  </testcase> <!-- test2 -->
  <testcase classname="seleniumGrid.AssertDemo" name="test3" time="0.0"/>
  <testcase classname="seleniumGrid.AssertDemo" name="test4" time="0.001"/>
</testsuite> <!-- Regression3 -->
