<?xml version="1.0" encoding="UTF-8"?>
<!-- Generated by org.testng.reporters.JUnitXMLReporter -->
<testsuite ignored="0" hostname="DESKTOP-68KUQKT" failures="0" tests="4" name="Regression6" time="0.011" errors="0" timestamp="2024-09-30T20:27:34 IST">
  <testcase classname="seleniumGrid.TestNG2_AlphabeticOrderMethods" name="login" time="0.001"/>
  <testcase classname="seleniumGrid.TestNG2_AlphabeticOrderMethods" name="creatAccount" time="0.001"/>
  <testcase classname="seleniumGrid.TestNG2_AlphabeticOrderMethods" name="makePayment" time="0.0"/>
  <testcase classname="seleniumGrid.TestNG2_AlphabeticOrderMethods" name="logout" time="0.003"/>
</testsuite> <!-- Regression6 -->
