<?xml version="1.0" encoding="UTF-8"?>
<!-- Generated by org.testng.reporters.JUnitXMLReporter -->
<testsuite ignored="0" hostname="DESKTOP-68KUQKT" failures="0" tests="3" name="Regression5" time="0.008" errors="0" timestamp="2024-09-30T20:27:34 IST">
  <testcase classname="seleniumGrid.MyFirstTestNG" name="test1" time="0.0"/>
  <testcase classname="seleniumGrid.MyFirstTestNG" name="test2" time="0.0"/>
  <testcase classname="seleniumGrid.MyFirstTestNG" name="test3" time="0.003"/>
</testsuite> <!-- Regression5 -->
