<?xml version="1.0" encoding="UTF-8"?>
<!-- Generated by org.testng.reporters.JUnitXMLReporter -->
<testsuite ignored="0" hostname="DESKTOP-68KUQKT" failures="0" tests="4" name="Regression2" time="0.047" errors="0" timestamp="2024-09-30T20:27:34 IST">
  <testcase classname="seleniumGrid.Negative_Priority_TestNG" name="logout" time="0.006"/>
  <testcase classname="seleniumGrid.Negative_Priority_TestNG" name="login" time="0.001"/>
  <testcase classname="seleniumGrid.Negative_Priority_TestNG" name="creatAccount" time="0.001"/>
  <testcase classname="seleniumGrid.Negative_Priority_TestNG" name="makePayment" time="0.001"/>
</testsuite> <!-- Regression2 -->
